0 silly argv {
0 silly argv   _: [ 'create' ],
0 silly argv   lernaVersion: '4.0.0',
0 silly argv   '$0': 'lerna',
0 silly argv   name: 'ali-oss',
0 silly argv   loc: 'package'
0 silly argv }
1 notice cli v4.0.0
2 verbose rootPath /Users/outsmart/Desktop/app/lerna-publish-test
3 warn ENOREMOTE No git remote found, skipping repository property
4 error Error: canceled
4 error     at Interface.<anonymous> (/Users/outsmart/Desktop/app/lerna-publish-test/node_modules/read/lib/read.js:66:13)
4 error     at Interface.emit (events.js:315:20)
4 error     at Interface._ttyWrite (readline.js:875:16)
4 error     at ReadStream.onkeypress (readline.js:213:10)
4 error     at ReadStream.emit (events.js:315:20)
4 error     at emitKeys (internal/readline/utils.js:345:14)
4 error     at emitKeys.next (<anonymous>)
4 error     at ReadStream.onData (readline.js:1144:36)
4 error     at ReadStream.emit (events.js:315:20)
